#
# There is insufficient memory for the Java Runtime Environment to continue.
# Native memory allocation (mmap) failed to map 134217728 bytes for Failed to commit area from 0x0000000081c00000 to 0x0000000089c00000 of length 134217728.
# Possible reasons:
#   The system is out of physical RAM or swap space
#   The process is running with CompressedOops enabled, and the Java Heap may be blocking the growth of the native heap
# Possible solutions:
#   Reduce memory load on the system
#   Increase physical memory or swap space
#   Check if swap backing store is full
#   Decrease Java heap size (-Xmx/-Xms)
#   Decrease number of Java threads
#   Decrease Java thread stack sizes (-Xss)
#   Set larger code cache with -XX:ReservedCodeCacheSize=
# This output file may be truncated or incomplete.
#
#  Out of Memory Error (c:/BuildAgent/work/5ff2f6c26000d570/src/hotspot/os/windows/os_windows.cpp:3296), pid=13504, tid=3208
#
# JRE version:  (11.0.6+8) (build )
# Java VM: OpenJDK 64-Bit Server VM (11.0.6+8-b520.66, mixed mode, sharing, tiered, compressed oops, g1 gc, windows-amd64)
# No core dump will be written. Minidumps are not enabled by default on client versions of Windows
#

---------------  S U M M A R Y ------------

Command Line: org.jetbrains.git4idea.http.GitAskPassApp Username for 'https://github.com': 

Host: Intel(R) Core(TM) i3-7100U CPU @ 2.40GHz, 4 cores, 7G,  Windows 10 , 64 bit Build 19041 (10.0.19041.928)
Time: Sat May 15 17:24:18 2021 Morocco Standard Time elapsed time: 0 seconds (0d 0h 0m 0s)

---------------  T H R E A D  ---------------

Current thread (0x000001306ff3a000):  JavaThread "Unknown thread" [_thread_in_vm, id=3208, stack(0x0000000dbeb00000,0x0000000dbec00000)]

Stack: [0x0000000dbeb00000,0x0000000dbec00000]
Native frames: (J=compiled Java code, j=interpreted, Vv=VM code, C=native code)
V  [jvm.dll+0x5ddf9a]
V  [jvm.dll+0x710ae5]
V  [jvm.dll+0x712005]
V  [jvm.dll+0x7126b3]
V  [jvm.dll+0x23e718]
V  [jvm.dll+0x5db444]
V  [jvm.dll+0x5d0675]
V  [jvm.dll+0x2faf1b]
V  [jvm.dll+0x2fae8a]
V  [jvm.dll+0x2fad62]
V  [jvm.dll+0x2ffc36]
V  [jvm.dll+0x3484e3]
V  [jvm.dll+0x348be6]
V  [jvm.dll+0x3485e3]
V  [jvm.dll+0x2d5938]
V  [jvm.dll+0x2d6ad7]
V  [jvm.dll+0x6ef8a7]
V  [jvm.dll+0x6f109c]
V  [jvm.dll+0x355b29]
V  [jvm.dll+0x6d4a7e]
V  [jvm.dll+0x3bf053]
V  [jvm.dll+0x3c15d1]
C  [jli.dll+0x5363]
C  [ucrtbase.dll+0x21bb2]
C  [KERNEL32.DLL+0x17034]
C  [ntdll.dll+0x52651]


---------------  P R O C E S S  ---------------

Threads class SMR info:
_java_thread_list=0x000001306dc6f600, length=0, elements={
}

Java Threads: ( => current thread )

Other Threads:
  0x000001306ff53800 GCTaskThread "GC Thread#0" [stack: 0x0000000dbec00000,0x0000000dbed00000] [id=17768]
  0x000001306ff83000 ConcurrentGCThread "G1 Main Marker" [stack: 0x0000000dbed00000,0x0000000dbee00000] [id=1040]
  0x000001306ff86000 ConcurrentGCThread "G1 Conc#0" [stack: 0x0000000dbee00000,0x0000000dbef00000] [id=2696]

[error occurred during error reporting (printing all threads), id 0xc0000005, EXCEPTION_ACCESS_VIOLATION (0xc0000005) at pc=0x00007ffcdfb26047]

VM state:not at safepoint (not fully initialized)

VM Mutex/Monitor currently owned by a thread:  ([mutex/lock_event])
[0x000001306ff35a50] Heap_lock - owner thread: 0x000001306ff3a000

Heap address: 0x0000000081c00000, size: 2020 MB, Compressed Oops mode: Non-zero based: 0x0000000081c00000
Narrow klass base: 0x0000000000000000, Narrow klass shift: 0

GC Heap History (0 events):
No events

Deoptimization events (0 events):
No events

Classes redefined (0 events):
No events

Internal exceptions (0 events):
No events

Events (2 events):
Event: 0.017 Loaded shared library C:\Program Files\JetBrains\WebStorm 2019.3.3\jbr\bin\zip.dll
Event: 0.018 Loaded shared library C:\Program Files\JetBrains\WebStorm 2019.3.3\jbr\bin\jimage.dll


Dynamic libraries:
0x00007ff7c9280000 - 0x00007ff7c928a000 	C:\Program Files\JetBrains\WebStorm 2019.3.3\jbr\bin\java.exe
0x00007ffd543d0000 - 0x00007ffd545c5000 	C:\WINDOWS\SYSTEM32\ntdll.dll
0x00007ffd532a0000 - 0x00007ffd5335d000 	C:\WINDOWS\System32\KERNEL32.DLL
0x00007ffd51e20000 - 0x00007ffd520e8000 	C:\WINDOWS\System32\KERNELBASE.dll
0x00007ffd51ca0000 - 0x00007ffd51da0000 	C:\WINDOWS\System32\ucrtbase.dll
0x00007ffd38d30000 - 0x00007ffd38d47000 	C:\Program Files\JetBrains\WebStorm 2019.3.3\jbr\bin\VCRUNTIME140.dll
0x00007ffd32de0000 - 0x00007ffd32df9000 	C:\Program Files\JetBrains\WebStorm 2019.3.3\jbr\bin\jli.dll
0x00007ffd53360000 - 0x00007ffd53500000 	C:\WINDOWS\System32\USER32.dll
0x00007ffd51da0000 - 0x00007ffd51dc2000 	C:\WINDOWS\System32\win32u.dll
0x00007ffd33920000 - 0x00007ffd33bba000 	C:\WINDOWS\WinSxS\amd64_microsoft.windows.common-controls_6595b64144ccf1df_6.0.19041.844_none_ca00b6081b84eb1d\COMCTL32.dll
0x00007ffd52790000 - 0x00007ffd527ba000 	C:\WINDOWS\System32\GDI32.dll
0x00007ffd51b90000 - 0x00007ffd51c9b000 	C:\WINDOWS\System32\gdi32full.dll
0x00007ffd53700000 - 0x00007ffd5379e000 	C:\WINDOWS\System32\msvcrt.dll
0x00007ffd52330000 - 0x00007ffd523cd000 	C:\WINDOWS\System32\msvcp_win.dll
0x00007ffd52df0000 - 0x00007ffd52e20000 	C:\WINDOWS\System32\IMM32.DLL
0x00007ffcf3e50000 - 0x00007ffcf3eed000 	C:\Program Files\JetBrains\WebStorm 2019.3.3\jbr\bin\msvcp140.dll
0x00007ffcdf840000 - 0x00007ffce02fd000 	C:\Program Files\JetBrains\WebStorm 2019.3.3\jbr\bin\server\jvm.dll
0x00007ffd52a70000 - 0x00007ffd52b1c000 	C:\WINDOWS\System32\ADVAPI32.dll
0x00007ffd529d0000 - 0x00007ffd52a6b000 	C:\WINDOWS\System32\sechost.dll
0x00007ffd52b20000 - 0x00007ffd52c4b000 	C:\WINDOWS\System32\RPCRT4.dll
0x00007ffd52e20000 - 0x00007ffd52e28000 	C:\WINDOWS\System32\PSAPI.DLL
0x00007ffd3d750000 - 0x00007ffd3d759000 	C:\WINDOWS\SYSTEM32\WSOCK32.dll
0x00007ffd4bb00000 - 0x00007ffd4bb0a000 	C:\WINDOWS\SYSTEM32\VERSION.dll
0x00007ffd487b0000 - 0x00007ffd487d7000 	C:\WINDOWS\SYSTEM32\WINMM.dll
0x00007ffd53560000 - 0x00007ffd535cb000 	C:\WINDOWS\System32\WS2_32.dll
0x00007ffd50430000 - 0x00007ffd50442000 	C:\WINDOWS\SYSTEM32\kernel.appcore.dll
0x00007ffd49390000 - 0x00007ffd493a1000 	C:\Program Files\JetBrains\WebStorm 2019.3.3\jbr\bin\verify.dll
0x00007ffd500f0000 - 0x00007ffd502d4000 	C:\WINDOWS\SYSTEM32\DBGHELP.DLL
0x00007ffd49f70000 - 0x00007ffd49f9c000 	C:\WINDOWS\SYSTEM32\dbgcore.DLL
0x00007ffd51b10000 - 0x00007ffd51b90000 	C:\WINDOWS\System32\bcryptPrimitives.dll
0x00007ffd491e0000 - 0x00007ffd49209000 	C:\Program Files\JetBrains\WebStorm 2019.3.3\jbr\bin\java.dll
0x00007ffd49370000 - 0x00007ffd49388000 	C:\Program Files\JetBrains\WebStorm 2019.3.3\jbr\bin\zip.dll
0x00007ffd49330000 - 0x00007ffd4933b000 	C:\Program Files\JetBrains\WebStorm 2019.3.3\jbr\bin\jimage.dll

dbghelp: loaded successfully - version: 4.0.5 - missing functions: none
symbol engine: initialized successfully - sym options: 0x614 - pdb path: .;C:\Program Files\JetBrains\WebStorm 2019.3.3\jbr\bin;C:\WINDOWS\SYSTEM32;C:\WINDOWS\WinSxS\amd64_microsoft.windows.common-controls_6595b64144ccf1df_6.0.19041.844_none_ca00b6081b84eb1d;C:\Program Files\JetBrains\WebStorm 2019.3.3\jbr\bin\server

VM Arguments:
java_command: org.jetbrains.git4idea.http.GitAskPassApp Username for 'https://github.com': 
java_class_path (initial): C:/Program Files/JetBrains/WebStorm 2019.3.3/plugins/git4idea/lib/git4idea-rt.jar;C:/Program Files/JetBrains/WebStorm 2019.3.3/lib/xmlrpc-2.0.1.jar;C:/Program Files/JetBrains/WebStorm 2019.3.3/lib/commons-codec-1.13.jar;C:/Program Files/JetBrains/WebStorm 2019.3.3/lib/util.jar
Launcher Type: SUN_STANDARD

[Global flags]
     intx CICompilerCount                          = 3                                         {product} {ergonomic}
     uint ConcGCThreads                            = 1                                         {product} {ergonomic}
     uint G1ConcRefinementThreads                  = 4                                         {product} {ergonomic}
   size_t G1HeapRegionSize                         = 1048576                                   {product} {ergonomic}
    uintx GCDrainStackTargetSize                   = 64                                        {product} {ergonomic}
   size_t InitialHeapSize                          = 134217728                                 {product} {ergonomic}
   size_t MarkStackSize                            = 4194304                                   {product} {ergonomic}
   size_t MaxHeapSize                              = 2118123520                                {product} {ergonomic}
   size_t MinHeapDeltaBytes                        = 1048576                                   {product} {ergonomic}
    uintx NonNMethodCodeHeapSize                   = 5830732                                {pd product} {ergonomic}
    uintx NonProfiledCodeHeapSize                  = 122913754                              {pd product} {ergonomic}
    uintx ProfiledCodeHeapSize                     = 122913754                              {pd product} {ergonomic}
    uintx ReservedCodeCacheSize                    = 251658240                              {pd product} {ergonomic}
     bool SegmentedCodeCache                       = true                                      {product} {ergonomic}
     bool UseCompressedClassPointers               = true                                 {lp64_product} {ergonomic}
     bool UseCompressedOops                        = true                                 {lp64_product} {ergonomic}
     bool UseG1GC                                  = true                                      {product} {ergonomic}
     bool UseLargePagesIndividualAllocation        = false                                  {pd product} {ergonomic}

Logging:
Log output configuration:
 #0: stdout all=warning uptime,level,tags
 #1: stderr all=off uptime,level,tags

Environment Variables:
PATH=C:\Program Files\Git\mingw64\libexec\git-core;C:\Program Files\Git\mingw64\libexec\git-core;C:\Program Files\Git\mingw64\bin;C:\Program Files\Git\usr\bin;C:\Users\Ousama\bin;C:\oraclexe\app\oracle\product\11.2.0\server\bin;C:\Program Files (x86)\Common Files\Oracle\Java\javapath;C:\Users\Ousama\AppData\Roaming\npm;C:\windows\system32;C:\Program Files\Git\usr\bin;C:\Program Files\Git\cmd;C:\Program Files\Heroku\bin;C:\WINDOWS\system32;C:\WINDOWS;C:\WINDOWS\System32\Wbem;C:\WINDOWS\System32\WindowsPowerShell\v1.0;C:\WINDOWS\System32\OpenSSH;C:\Program Files\dotnet;C:\ProgramData\chocolatey\bin;C:\Program Files (x86)\Bitvise SSH Client;C:\Program Files\nodejs;C:\Program Files\MySQL\MySQL Shell 8.0\bin;C;Users\Ousama\AppData\Roaming\npm;C:\Program Files\nodejs;C:\Users\Ousama\AppData\Local\Microsoft\WindowsApps;C:\Users\Ousama\AppData\Local\GitHubDesktop\bin;C:\Program Files\JetBrains\IntelliJ IDEA 2021.1\bin;C:\Users\Ousama\AppData\Roaming\npm
USERNAME=Ousama
DISPLAY=:0.0
OS=Windows_NT
PROCESSOR_IDENTIFIER=Intel64 Family 6 Model 142 Stepping 9, GenuineIntel



---------------  S Y S T E M  ---------------

OS: Windows 10 , 64 bit Build 19041 (10.0.19041.928)

CPU:total 4 (initial active 4) (2 cores per cpu, 2 threads per core) family 6 model 142 stepping 9, cmov, cx8, fxsr, mmx, sse, sse2, sse3, ssse3, sse4.1, sse4.2, popcnt, avx, avx2, aes, clmul, erms, 3dnowpref, lzcnt, ht, tsc, tscinvbit, bmi1, bmi2, adx, fma

Memory: 4k page, system-wide physical 8077M (1074M free)
TotalPageFile size 11744M (AvailPageFile size 107M)
current process WorkingSet (physical memory assigned to process): 9M, peak: 9M
current process commit charge ("private bytes"): 51M, peak: 179M

vm_info: OpenJDK 64-Bit Server VM (11.0.6+8-b520.66) for windows-amd64 JRE (11.0.6+8-b520.66), built on Apr 20 2020 16:47:00 by "" with MS VC++ 14.0 (VS2015)

END.
